<?xml version="1.0" encoding="UTF-8"?>
<coverage generated="1789889328849" clover="3.2.0">
  <project timestamp="1789889328849" name="All files">
    <metrics statements="24" coveredstatements="23" conditionals="25" coveredconditionals="20" methods="7" coveredmethods="7" elements="56" coveredelements="50" complexity="0" loc="24" ncloc="24" packages="4" files="5" classes="5"/>
    <package name="api">
      <metrics statements="10" coveredstatements="9" conditionals="16" coveredconditionals="12" methods="3" coveredmethods="3"/>
      <file name="error.ts" path="/Users/mayank.narula/Documents/Workspace/personal/Vridhi/mobile/src/api/error.ts">
        <metrics statements="10" coveredstatements="9" conditionals="16" coveredconditionals="12" methods="3" coveredmethods="3"/>
        <line num="4" count="4" type="cond" truecount="4" falsecount="0"/>
        <line num="5" count="2" type="stmt"/>
        <line num="7" count="2" type="cond" truecount="1" falsecount="1"/>
        <line num="8" count="4" type="cond" truecount="2" falsecount="0"/>
        <line num="9" count="2" type="cond" truecount="1" falsecount="1"/>
        <line num="10" count="2" type="stmt"/>
        <line num="13" count="0" type="stmt"/>
        <line num="20" count="6" type="cond" truecount="2" falsecount="0"/>
        <line num="21" count="4" type="stmt"/>
        <line num="28" count="2" type="stmt"/>
      </file>
    </package>
    <package name="constants">
      <metrics statements="4" coveredstatements="4" conditionals="5" coveredconditionals="5" methods="1" coveredmethods="1"/>
      <file name="currencies.ts" path="/Users/mayank.narula/Documents/Workspace/personal/Vridhi/mobile/src/constants/currencies.ts">
        <metrics statements="4" coveredstatements="4" conditionals="5" coveredconditionals="5" methods="1" coveredmethods="1"/>
        <line num="1" count="1" type="stmt"/>
        <line num="5" count="1" type="stmt"/>
        <line num="16" count="11" type="cond" truecount="2" falsecount="0"/>
        <line num="19" count="11" type="cond" truecount="2" falsecount="0"/>
      </file>
    </package>
    <package name="content">
      <metrics statements="3" coveredstatements="3" conditionals="0" coveredconditionals="0" methods="0" coveredmethods="0"/>
      <file name="help-center.ts" path="/Users/mayank.narula/Documents/Workspace/personal/Vridhi/mobile/src/content/help-center.ts">
        <metrics statements="3" coveredstatements="3" conditionals="0" coveredconditionals="0" methods="0" coveredmethods="0"/>
        <line num="7" count="1" type="stmt"/>
        <line num="30" count="1" type="stmt"/>
        <line num="58" count="1" type="stmt"/>
      </file>
    </package>
    <package name="utils">
      <metrics statements="7" coveredstatements="7" conditionals="4" coveredconditionals="3" methods="3" coveredmethods="3"/>
      <file name="currency.ts" path="/Users/mayank.narula/Documents/Workspace/personal/Vridhi/mobile/src/utils/currency.ts">
        <metrics statements="3" coveredstatements="3" conditionals="4" coveredconditionals="3" methods="1" coveredmethods="1"/>
        <line num="1" count="1" type="stmt"/>
        <line num="13" count="4" type="cond" truecount="2" falsecount="1"/>
        <line num="14" count="4" type="stmt"/>
      </file>
      <file name="month.ts" path="/Users/mayank.narula/Documents/Workspace/personal/Vridhi/mobile/src/utils/month.ts">
        <metrics statements="4" coveredstatements="4" conditionals="0" coveredconditionals="0" methods="2" coveredmethods="2"/>
        <line num="2" count="1" type="stmt"/>
        <line num="3" count="1" type="stmt"/>
        <line num="4" count="1" type="stmt"/>
        <line num="13" count="1" type="stmt"/>
      </file>
    </package>
  </project>
</coverage>
