<?xml version="1.0" encoding="UTF-8"?>
<coverage generated="1789886738672" clover="3.2.0">
  <project timestamp="1789886738672" name="All files">
    <metrics statements="8" coveredstatements="8" conditionals="6" coveredconditionals="5" methods="4" coveredmethods="4" elements="18" coveredelements="17" complexity="0" loc="8" ncloc="8" packages="2" files="3" classes="3"/>
    <package name="api">
      <metrics statements="3" coveredstatements="3" conditionals="4" coveredconditionals="3" methods="1" coveredmethods="1"/>
      <file name="error.ts" path="/Users/mayank.narula/Documents/Workspace/personal/Vridhi/mobile/src/api/error.ts">
        <metrics statements="3" coveredstatements="3" conditionals="4" coveredconditionals="3" methods="1" coveredmethods="1"/>
        <line num="6" count="2" type="cond" truecount="2" falsecount="0"/>
        <line num="7" count="1" type="stmt"/>
        <line num="13" count="1" type="stmt"/>
      </file>
    </package>
    <package name="utils">
      <metrics statements="5" coveredstatements="5" conditionals="2" coveredconditionals="2" methods="3" coveredmethods="3"/>
      <file name="currency.ts" path="/Users/mayank.narula/Documents/Workspace/personal/Vridhi/mobile/src/utils/currency.ts">
        <metrics statements="1" coveredstatements="1" conditionals="2" coveredconditionals="2" methods="1" coveredmethods="1"/>
        <line num="6" count="2" type="stmt"/>
      </file>
      <file name="month.ts" path="/Users/mayank.narula/Documents/Workspace/personal/Vridhi/mobile/src/utils/month.ts">
        <metrics statements="4" coveredstatements="4" conditionals="0" coveredconditionals="0" methods="2" coveredmethods="2"/>
        <line num="2" count="1" type="stmt"/>
        <line num="3" count="1" type="stmt"/>
        <line num="4" count="1" type="stmt"/>
        <line num="13" count="1" type="stmt"/>
      </file>
    </package>
  </project>
</coverage>
