{"/Users/mayank.narula/Documents/Workspace/personal/Vridhi/mobile/src/api/error.ts": {"path":"/Users/mayank.narula/Documents/Workspace/personal/Vridhi/mobile/src/api/error.ts","statementMap":{"0":{"start":{"line":6,"column":2},"end":{"line":11,"column":3}},"1":{"start":{"line":7,"column":4},"end":{"line":10,"column":6}},"2":{"start":{"line":13,"column":2},"end":{"line":13,"column":33}}},"fnMap":{"0":{"name":"getApiErrorMessage","decl":{"start":{"line":3,"column":16},"end":{"line":3,"column":34}},"loc":{"start":{"line":5,"column":10},"end":{"line":14,"column":1}},"line":5}},"branchMap":{"0":{"loc":{"start":{"line":6,"column":2},"end":{"line":11,"column":3}},"type":"if","locations":[{"start":{"line":6,"column":2},"end":{"line":11,"column":3}},{"start":{},"end":{}}],"line":6},"1":{"loc":{"start":{"line":8,"column":6},"end":{"line":9,"column":19}},"type":"binary-expr","locations":[{"start":{"line":8,"column":6},"end":{"line":8,"column":35}},{"start":{"line":9,"column":6},"end":{"line":9,"column":19}}],"line":8}},"s":{"0":2,"1":1,"2":1},"f":{"0":2},"b":{"0":[1,1],"1":[1,0]},"_coverageSchema":"1a1c01bbd47fc00a2c39e90264f33305004495a9","hash":"c027cefbe11dcf392d98b168e6565ff85fcae004"}
,"/Users/mayank.narula/Documents/Workspace/personal/Vridhi/mobile/src/utils/currency.ts": {"path":"/Users/mayank.narula/Documents/Workspace/personal/Vridhi/mobile/src/utils/currency.ts","statementMap":{"0":{"start":{"line":6,"column":2},"end":{"line":11,"column":20}}},"fnMap":{"0":{"name":"formatCurrency","decl":{"start":{"line":1,"column":16},"end":{"line":1,"column":30}},"loc":{"start":{"line":5,"column":2},"end":{"line":12,"column":1}},"line":5}},"branchMap":{"0":{"loc":{"start":{"line":3,"column":2},"end":{"line":3,"column":18}},"type":"default-arg","locations":[{"start":{"line":3,"column":13},"end":{"line":3,"column":18}}],"line":3},"1":{"loc":{"start":{"line":4,"column":2},"end":{"line":4,"column":18}},"type":"default-arg","locations":[{"start":{"line":4,"column":11},"end":{"line":4,"column":18}}],"line":4}},"s":{"0":2},"f":{"0":2},"b":{"0":[1],"1":[1]},"_coverageSchema":"1a1c01bbd47fc00a2c39e90264f33305004495a9","hash":"0f3c24dc6e4cfae41242c0a01b391374aefb3f24"}
,"/Users/mayank.narula/Documents/Workspace/personal/Vridhi/mobile/src/utils/month.ts": {"path":"/Users/mayank.narula/Documents/Workspace/personal/Vridhi/mobile/src/utils/month.ts","statementMap":{"0":{"start":{"line":2,"column":15},"end":{"line":2,"column":63}},"1":{"start":{"line":3,"column":13},"end":{"line":3,"column":82}},"2":{"start":{"line":4,"column":2},"end":{"line":9,"column":4}},"3":{"start":{"line":13,"column":2},"end":{"line":13,"column":66}}},"fnMap":{"0":{"name":"monthBounds","decl":{"start":{"line":1,"column":16},"end":{"line":1,"column":27}},"loc":{"start":{"line":1,"column":40},"end":{"line":10,"column":1}},"line":1},"1":{"name":"shiftMonth","decl":{"start":{"line":12,"column":16},"end":{"line":12,"column":26}},"loc":{"start":{"line":12,"column":54},"end":{"line":14,"column":1}},"line":12}},"branchMap":{},"s":{"0":1,"1":1,"2":1,"3":1},"f":{"0":1,"1":1},"b":{},"_coverageSchema":"1a1c01bbd47fc00a2c39e90264f33305004495a9","hash":"1ae4dff003704761e79a2a0282531fc368b2992b"}
}
