{"/Users/mayank.narula/Documents/Workspace/personal/Vridhi/mobile/src/api/error.ts": {"path":"/Users/mayank.narula/Documents/Workspace/personal/Vridhi/mobile/src/api/error.ts","statementMap":{"0":{"start":{"line":4,"column":2},"end":{"line":6,"column":3}},"1":{"start":{"line":5,"column":4},"end":{"line":5,"column":19}},"2":{"start":{"line":7,"column":2},"end":{"line":12,"column":3}},"3":{"start":{"line":8,"column":18},"end":{"line":8,"column":99}},"4":{"start":{"line":8,"column":59},"end":{"line":8,"column":98}},"5":{"start":{"line":9,"column":4},"end":{"line":11,"column":5}},"6":{"start":{"line":10,"column":6},"end":{"line":10,"column":30}},"7":{"start":{"line":13,"column":2},"end":{"line":13,"column":19}},"8":{"start":{"line":20,"column":2},"end":{"line":26,"column":3}},"9":{"start":{"line":21,"column":4},"end":{"line":25,"column":6}},"10":{"start":{"line":28,"column":2},"end":{"line":28,"column":18}}},"fnMap":{"0":{"name":"normalizeMessage","decl":{"start":{"line":3,"column":9},"end":{"line":3,"column":25}},"loc":{"start":{"line":3,"column":64},"end":{"line":14,"column":1}},"line":3},"1":{"name":"(anonymous_1)","decl":{"start":{"line":8,"column":33},"end":{"line":8,"column":34}},"loc":{"start":{"line":8,"column":59},"end":{"line":8,"column":98}},"line":8},"2":{"name":"getApiErrorMessage","decl":{"start":{"line":16,"column":16},"end":{"line":16,"column":34}},"loc":{"start":{"line":19,"column":10},"end":{"line":29,"column":1}},"line":19}},"branchMap":{"0":{"loc":{"start":{"line":4,"column":2},"end":{"line":6,"column":3}},"type":"if","locations":[{"start":{"line":4,"column":2},"end":{"line":6,"column":3}},{"start":{},"end":{}}],"line":4},"1":{"loc":{"start":{"line":4,"column":6},"end":{"line":4,"column":51}},"type":"binary-expr","locations":[{"start":{"line":4,"column":6},"end":{"line":4,"column":33}},{"start":{"line":4,"column":37},"end":{"line":4,"column":51}}],"line":4},"2":{"loc":{"start":{"line":7,"column":2},"end":{"line":12,"column":3}},"type":"if","locations":[{"start":{"line":7,"column":2},"end":{"line":12,"column":3}},{"start":{},"end":{}}],"line":7},"3":{"loc":{"start":{"line":8,"column":59},"end":{"line":8,"column":98}},"type":"binary-expr","locations":[{"start":{"line":8,"column":59},"end":{"line":8,"column":83}},{"start":{"line":8,"column":87},"end":{"line":8,"column":98}}],"line":8},"4":{"loc":{"start":{"line":9,"column":4},"end":{"line":11,"column":5}},"type":"if","locations":[{"start":{"line":9,"column":4},"end":{"line":11,"column":5}},{"start":{},"end":{}}],"line":9},"5":{"loc":{"start":{"line":18,"column":2},"end":{"line":18,"column":36}},"type":"default-arg","locations":[{"start":{"line":18,"column":13},"end":{"line":18,"column":36}}],"line":18},"6":{"loc":{"start":{"line":20,"column":2},"end":{"line":26,"column":3}},"type":"if","locations":[{"start":{"line":20,"column":2},"end":{"line":26,"column":3}},{"start":{},"end":{}}],"line":20},"7":{"loc":{"start":{"line":22,"column":6},"end":{"line":24,"column":14}},"type":"binary-expr","locations":[{"start":{"line":22,"column":6},"end":{"line":22,"column":53}},{"start":{"line":23,"column":6},"end":{"line":23,"column":19}},{"start":{"line":24,"column":6},"end":{"line":24,"column":14}}],"line":22}},"s":{"0":4,"1":2,"2":2,"3":2,"4":4,"5":2,"6":2,"7":0,"8":6,"9":4,"10":2},"f":{"0":4,"1":4,"2":6},"b":{"0":[2,2],"1":[4,2],"2":[2,0],"3":[4,4],"4":[2,0],"5":[5],"6":[4,2],"7":[4,0,0]},"_coverageSchema":"1a1c01bbd47fc00a2c39e90264f33305004495a9","hash":"47869261c875bc27a1f7115766f3ed6d69f0008c"}
,"/Users/mayank.narula/Documents/Workspace/personal/Vridhi/mobile/src/constants/currencies.ts": {"path":"/Users/mayank.narula/Documents/Workspace/personal/Vridhi/mobile/src/constants/currencies.ts","statementMap":{"0":{"start":{"line":1,"column":26},"end":{"line":1,"column":63}},"1":{"start":{"line":5,"column":79},"end":{"line":10,"column":1}},"2":{"start":{"line":16,"column":16},"end":{"line":18,"column":18}},"3":{"start":{"line":19,"column":2},"end":{"line":19,"column":89}}},"fnMap":{"0":{"name":"normalizeCurrencyCode","decl":{"start":{"line":12,"column":16},"end":{"line":12,"column":37}},"loc":{"start":{"line":15,"column":16},"end":{"line":20,"column":1}},"line":15}},"branchMap":{"0":{"loc":{"start":{"line":14,"column":2},"end":{"line":14,"column":32}},"type":"default-arg","locations":[{"start":{"line":14,"column":27},"end":{"line":14,"column":32}}],"line":14},"1":{"loc":{"start":{"line":16,"column":23},"end":{"line":16,"column":34}},"type":"binary-expr","locations":[{"start":{"line":16,"column":23},"end":{"line":16,"column":28}},{"start":{"line":16,"column":32},"end":{"line":16,"column":34}}],"line":16},"2":{"loc":{"start":{"line":19,"column":9},"end":{"line":19,"column":88}},"type":"cond-expr","locations":[{"start":{"line":19,"column":55},"end":{"line":19,"column":76}},{"start":{"line":19,"column":80},"end":{"line":19,"column":88}}],"line":19}},"s":{"0":1,"1":1,"2":11,"3":11},"f":{"0":11},"b":{"0":[10],"1":[11,1],"2":[8,3]},"_coverageSchema":"1a1c01bbd47fc00a2c39e90264f33305004495a9","hash":"b583129e1b27ea05e44b9c40389932d62c31a7a2"}
,"/Users/mayank.narula/Documents/Workspace/personal/Vridhi/mobile/src/content/help-center.ts": {"path":"/Users/mayank.narula/Documents/Workspace/personal/Vridhi/mobile/src/content/help-center.ts","statementMap":{"0":{"start":{"line":7,"column":45},"end":{"line":28,"column":1}},"1":{"start":{"line":30,"column":40},"end":{"line":56,"column":1}},"2":{"start":{"line":58,"column":90},"end":{"line":74,"column":1}}},"fnMap":{},"branchMap":{},"s":{"0":1,"1":1,"2":1},"f":{},"b":{},"_coverageSchema":"1a1c01bbd47fc00a2c39e90264f33305004495a9","hash":"83365d085714774c6d6adee13d2b9f4e8615fa43"}
,"/Users/mayank.narula/Documents/Workspace/personal/Vridhi/mobile/src/utils/currency.ts": {"path":"/Users/mayank.narula/Documents/Workspace/personal/Vridhi/mobile/src/utils/currency.ts","statementMap":{"0":{"start":{"line":1,"column":51},"end":{"line":6,"column":1}},"1":{"start":{"line":13,"column":25},"end":{"line":13,"column":74}},"2":{"start":{"line":14,"column":2},"end":{"line":19,"column":20}}},"fnMap":{"0":{"name":"formatCurrency","decl":{"start":{"line":8,"column":16},"end":{"line":8,"column":30}},"loc":{"start":{"line":12,"column":2},"end":{"line":20,"column":1}},"line":12}},"branchMap":{"0":{"loc":{"start":{"line":10,"column":2},"end":{"line":10,"column":18}},"type":"default-arg","locations":[{"start":{"line":10,"column":13},"end":{"line":10,"column":18}}],"line":10},"1":{"loc":{"start":{"line":13,"column":25},"end":{"line":13,"column":74}},"type":"binary-expr","locations":[{"start":{"line":13,"column":25},"end":{"line":13,"column":31}},{"start":{"line":13,"column":35},"end":{"line":13,"column":63}},{"start":{"line":13,"column":67},"end":{"line":13,"column":74}}],"line":13}},"s":{"0":1,"1":4,"2":4},"f":{"0":4},"b":{"0":[1],"1":[4,2,0]},"_coverageSchema":"1a1c01bbd47fc00a2c39e90264f33305004495a9","hash":"043c12afe0d7fb3a4db09b0518a6731cf209cec3"}
,"/Users/mayank.narula/Documents/Workspace/personal/Vridhi/mobile/src/utils/month.ts": {"path":"/Users/mayank.narula/Documents/Workspace/personal/Vridhi/mobile/src/utils/month.ts","statementMap":{"0":{"start":{"line":2,"column":15},"end":{"line":2,"column":63}},"1":{"start":{"line":3,"column":13},"end":{"line":3,"column":82}},"2":{"start":{"line":4,"column":2},"end":{"line":9,"column":4}},"3":{"start":{"line":13,"column":2},"end":{"line":13,"column":66}}},"fnMap":{"0":{"name":"monthBounds","decl":{"start":{"line":1,"column":16},"end":{"line":1,"column":27}},"loc":{"start":{"line":1,"column":40},"end":{"line":10,"column":1}},"line":1},"1":{"name":"shiftMonth","decl":{"start":{"line":12,"column":16},"end":{"line":12,"column":26}},"loc":{"start":{"line":12,"column":54},"end":{"line":14,"column":1}},"line":12}},"branchMap":{},"s":{"0":1,"1":1,"2":1,"3":1},"f":{"0":1,"1":1},"b":{},"_coverageSchema":"1a1c01bbd47fc00a2c39e90264f33305004495a9","hash":"1ae4dff003704761e79a2a0282531fc368b2992b"}
}
