TN:
SF:src/api/error.ts
FN:3,normalizeMessage
FN:8,(anonymous_1)
FN:16,getApiErrorMessage
FNF:3
FNH:3
FNDA:4,normalizeMessage
FNDA:4,(anonymous_1)
FNDA:6,getApiErrorMessage
DA:4,4
DA:5,2
DA:7,2
DA:8,4
DA:9,2
DA:10,2
DA:13,0
DA:20,6
DA:21,4
DA:28,2
LF:10
LH:9
BRDA:4,0,0,2
BRDA:4,0,1,2
BRDA:4,1,0,4
BRDA:4,1,1,2
BRDA:7,2,0,2
BRDA:7,2,1,0
BRDA:8,3,0,4
BRDA:8,3,1,4
BRDA:9,4,0,2
BRDA:9,4,1,0
BRDA:18,5,0,5
BRDA:20,6,0,4
BRDA:20,6,1,2
BRDA:22,7,0,4
BRDA:22,7,1,0
BRDA:22,7,2,0
BRF:16
BRH:12
end_of_record
TN:
SF:src/constants/currencies.ts
FN:12,normalizeCurrencyCode
FNF:1
FNH:1
FNDA:11,normalizeCurrencyCode
DA:1,1
DA:5,1
DA:16,11
DA:19,11
LF:4
LH:4
BRDA:14,0,0,10
BRDA:16,1,0,11
BRDA:16,1,1,1
BRDA:19,2,0,8
BRDA:19,2,1,3
BRF:5
BRH:5
end_of_record
TN:
SF:src/content/help-center.ts
FNF:0
FNH:0
DA:7,1
DA:30,1
DA:58,1
LF:3
LH:3
BRF:0
BRH:0
end_of_record
TN:
SF:src/utils/currency.ts
FN:8,formatCurrency
FNF:1
FNH:1
FNDA:4,formatCurrency
DA:1,1
DA:13,4
DA:14,4
LF:3
LH:3
BRDA:10,0,0,1
BRDA:13,1,0,4
BRDA:13,1,1,2
BRDA:13,1,2,0
BRF:4
BRH:3
end_of_record
TN:
SF:src/utils/month.ts
FN:1,monthBounds
FN:12,shiftMonth
FNF:2
FNH:2
FNDA:1,monthBounds
FNDA:1,shiftMonth
DA:2,1
DA:3,1
DA:4,1
DA:13,1
LF:4
LH:4
BRF:0
BRH:0
end_of_record
