TN:
SF:src/api/error.ts
FN:3,getApiErrorMessage
FNF:1
FNH:1
FNDA:2,getApiErrorMessage
DA:6,2
DA:7,1
DA:13,1
LF:3
LH:3
BRDA:6,0,0,1
BRDA:6,0,1,1
BRDA:8,1,0,1
BRDA:8,1,1,0
BRF:4
BRH:3
end_of_record
TN:
SF:src/utils/currency.ts
FN:1,formatCurrency
FNF:1
FNH:1
FNDA:2,formatCurrency
DA:6,2
LF:1
LH:1
BRDA:3,0,0,1
BRDA:4,1,0,1
BRF:2
BRH:2
end_of_record
TN:
SF:src/utils/month.ts
FN:1,monthBounds
FN:12,shiftMonth
FNF:2
FNH:2
FNDA:1,monthBounds
FNDA:1,shiftMonth
DA:2,1
DA:3,1
DA:4,1
DA:13,1
LF:4
LH:4
BRF:0
BRH:0
end_of_record
